<?xml version="1.0" encoding="UTF-8"?>
<testng-results total="1" passed="1" failed="0" skipped="0">
  <reporter-output>
  </reporter-output>
  <suite started-at="2018-08-27T21:04:45Z" name="Default suite" finished-at="2018-08-27T21:04:59Z" duration-ms="14049">
    <groups>
    </groups>
    <test started-at="2018-08-27T21:04:45Z" name="Default test" finished-at="2018-08-27T21:04:59Z" duration-ms="14049">
      <class name="chromeOptions.ChromeOptionsUse">
        <test-method is-config="true" signature="InvokeBrowser()[pri:0, instance:chromeOptions.ChromeOptionsUse@e3c0e40]" started-at="2018-08-27T17:04:45Z" name="InvokeBrowser" finished-at="2018-08-27T17:04:54Z" duration-ms="9711" status="PASS">
          <reporter-output>
          </reporter-output>
        </test-method> <!-- InvokeBrowser -->
        <test-method signature="ShowExtension()[pri:0, instance:chromeOptions.ChromeOptionsUse@e3c0e40]" started-at="2018-08-27T17:04:54Z" name="ShowExtension" finished-at="2018-08-27T17:04:54Z" duration-ms="12" status="PASS">
          <reporter-output>
          </reporter-output>
        </test-method> <!-- ShowExtension -->
        <test-method is-config="true" signature="tearDown()[pri:0, instance:chromeOptions.ChromeOptionsUse@e3c0e40]" started-at="2018-08-27T17:04:54Z" name="tearDown" finished-at="2018-08-27T17:04:59Z" duration-ms="4304" status="PASS">
          <reporter-output>
          </reporter-output>
        </test-method> <!-- tearDown -->
      </class> <!-- chromeOptions.ChromeOptionsUse -->
    </test> <!-- Default test -->
  </suite> <!-- Default suite -->
</testng-results>
